[12:08:44] [main/INFO]: Setting user: Hopape
[12:08:47] [Client thread/INFO]: LWJGL Version: 2.9.4
[12:08:48] [Client thread/INFO]: Reloading ResourceManager: Default, CustomResources, FMLFileResourcePack:Better Loading Screen, CustomOverridingResources
[12:08:48] [Client thread/INFO]: Reloading ResourceManager: Default, CustomResources, FMLFileResourcePack:Better Loading Screen, CustomOverridingResources
[12:08:48] [Client thread/INFO]: Reloading ResourceManager: Default, CustomResources, FMLFileResourcePack:Better Loading Screen, CustomOverridingResources
[12:09:10] [Client thread/INFO]: Reloading ResourceManager: Default, CustomResources, FMLFileResourcePack:Better Loading Screen, FMLFileResourcePack:Forge Mod Loader, FMLFileResourcePack:Minecraft Forge, FMLFileResourcePack:Not Enough Items, FMLFileResourcePack:Additional Buildcraft Objects, FMLFileResourcePack:Adventure Backpack, FMLFileResourcePack:AE2 Stuff, FMLFileResourcePack:AI Improvements, FMLFileResourcePack:AppleCore, FMLFileResourcePack:Applied Energistics 2, FMLFileResourcePack:Aquaculture, FMLFileResourcePack:Archimedes' Ships Plus, FMLFileResourcePack:Aroma1997Core|Helper, FMLFileResourcePack:Aroma1997's Dimensional World, FMLFileResourcePack:AromaBackup, FMLFileResourcePack:AromaBackup Recovery, FMLFileResourcePack:Backpack, FMLFileResourcePack:Baubles, FMLFileResourcePack:BD Lib, FMLFileResourcePack:Better Achievements, FMLFileResourcePack:Better Builder's Wands, FMLFileResourcePack:Better Loading Screen, FMLFileResourcePack:BiblioCraft, FMLFileResourcePack:BiblioWoods Biomes O'Plenty Edition, FMLFileResourcePack:BiblioWoods Forestry Edition, FMLFileResourcePack:BiblioWoods Natura Edition, FMLFileResourcePack:Big Reactors, FMLFileResourcePack:Biomes O' Plenty, FMLFileResourcePack:Blur, FMLFileResourcePack:Botania, FMLFileResourcePack:Brandon's Core, FMLFileResourcePack:BuildCraft, FMLFileResourcePack:BC Transport, FMLFileResourcePack:BC Factory, FMLFileResourcePack:BC Silicon, FMLFileResourcePack:BC Robotics, FMLFileResourcePack:BC Energy, FMLFileResourcePack:BC Builders, FMLFileResourcePack:Carpenter's Blocks, FMLFileResourcePack:ChickenChunks, FMLFileResourcePack:Chisel, FMLFileResourcePack:Chunk Animator, FMLFileResourcePack:CoFH Core, FMLFileResourcePack:ComputerCraft, FMLFileResourcePack:Controlling, FMLFileResourcePack:Cooking for Blockheads, FMLFileResourcePack:CosmeticArmorReworked, FMLFileResourcePack:Crafting Tweaks, FMLFileResourcePack:MineTweaker 3, FMLFileResourcePack:CreativeCore, FMLFileResourcePack:Custom Main Menu, FMLFileResourcePack:DrZhark's CustomSpawner, FMLFileResourcePack:Draconic Evolution, FMLFileResourcePack:DrZhark's Mo'Creatures Mod, FMLFileResourcePack:Dynamic Surroundings, FMLFileResourcePack:EnderCore, FMLFileResourcePack:Ender IO, FMLFileResourcePack:EnderStorage, FMLFileResourcePack:Exotic Birds, FMLFileResourcePack:Extra Cells 2, FMLFileResourcePack:ExtraTiC, FMLFileResourcePack:Extra Utilities, FMLFileResourcePack:Forestry for Minecraft, FMLFileResourcePack:FTBLib, FMLFileResourcePack:FTBUtilities, FMLFileResourcePack:Galacticraft Planets, FMLFileResourcePack:Galacticraft Core, FMLFileResourcePack:GalaxySpace, FMLFileResourcePack:Grappling hook mod, FMLFileResourcePack:GraviGun, FMLFileResourcePack:Harvest, FMLFileResourcePack:Hats, FMLFileResourcePack:HatStand, FMLFileResourcePack:iChunUtil, FMLFileResourcePack:Immersive Engineering, FMLFileResourcePack:UniversalModCore, FMLFileResourcePack:Immersive Railroading, FMLFileResourcePack:IndustrialCraft 2, FMLFileResourcePack:Inventory Tweaks, FMLFileResourcePack:Iron Chest, FMLFileResourcePack:JABBA, FMLFileResourcePack:JourneyMap, FMLFileResourcePack:KleeSlabs, FMLFileResourcePack:Levels, FMLFileResourcePack:Login Shield, FMLFileResourcePack:Magical Crops: Core, FMLFileResourcePack:MalisisCore, FMLFileResourcePack:Malisis' Doors, FMLFileResourcePack:Mantle, FMLFileResourcePack:Mekanism, FMLFileResourcePack:MekanismGenerators, FMLFileResourcePack:MekanismTools, FMLFileResourcePack:MFR Compat: MagicalCrops, FMLFileResourcePack:MineFactory Reloaded, FMLFileResourcePack:MFR Compat: Applied Energistics, FMLFileResourcePack:MFR Compat: BuildCraft, FMLFileResourcePack:MFR Compat: Forestry, FMLFileResourcePack:MFR Compat: ForgeMicroblock, FMLFileResourcePack:MFR Compat: IC2, FMLFileResourcePack:MFR Compat: Thermal Expansion, FMLFileResourcePack:MFR Compat: Tinkers' Construct, FMLFileResourcePack:MFR Compat: Vanilla, FMLFileResourcePack:MachineMuse's Modular Powersuits, FMLFileResourcePack:Morpheus, FMLFileResourcePack:Moving World, FMLFileResourcePack:§9MrCrayfish's Furniture Mod, FMLFileResourcePack:Natura, FMLFileResourcePack:NEI Addons, FMLFileResourcePack:NEI Addons: Developer Tools, FMLFileResourcePack:NEI Addons: Applied Energistics 2, FMLFileResourcePack:NEI Addons: Botany, FMLFileResourcePack:NEI Addons: Forestry, FMLFileResourcePack:NEI Addons: Crafting Tables, FMLFileResourcePack:NEI Addons: Ex Nihilo, FMLFileResourcePack:Nether Ores, FMLFileResourcePack:NotEnoughIDs, FMLFileResourcePack:NotEnoughKeys, FMLFileResourcePack:Not Enough Resources, FMLFileResourcePack:NuclearCraft, FMLFileResourcePack:Numina, FMLFileResourcePack:OpenBlocks, FMLFileResourcePack:OpenMods, FMLFileResourcePack:p455w0rd's Library, FMLFileResourcePack:Pam's HarvestCraft, FMLFileResourcePack:Placeable Items Mod, FMLFileResourcePack:PortalGun, FMLFileResourcePack:ProjectRed Core, FMLFileResourcePack:ProjectRed Compatibility, FMLFileResourcePack:ProjectRed Integration, FMLFileResourcePack:ProjectRed Transmission, FMLFileResourcePack:ProjectRed Expansion, FMLFileResourcePack:ProjectRed Transportation, FMLFileResourcePack:QuantumStorage, FMLFileResourcePack:Random Things, FMLFileResourcePack:ReAuth, FMLFileResourcePack:Redstone Paste, FMLFileResourcePack:Resource Loader, FMLFileResourcePack:RFTools, FMLFileResourcePack:Sign Post, FMLFileResourcePack:Simply Jetpacks, FMLFileResourcePack:Sit, FMLFileResourcePack:Sound Filters, FMLFileResourcePack:Steve's Carts 2, FMLFileResourcePack:Storage Drawers, FMLFileResourcePack:Storage Drawers: Biomes O' Plenty Pack, FMLFileResourcePack:Storage Drawers: Forestry Pack, FMLFileResourcePack:Storage Drawers: Natura Pack, FMLFileResourcePack:Tinkers' Construct, FMLFileResourcePack:Thermal Dynamics, FMLFileResourcePack:Thermal Expansion, FMLFileResourcePack:Thermal Foundation, FMLFileResourcePack:TiC Tooltips, FMLFileResourcePack:Torched, FMLFileResourcePack:Track API, FMLFileResourcePack:Tumbleweed, FMLFileResourcePack:Vein Miner, FMLFileResourcePack:Mod Support, FMLFileResourcePack:Waila, FMLFileResourcePack:Waila Harvestability, FMLFileResourcePack:AE2 Wireless Crafting Terminal, FMLFileResourcePack:Forge Microblocks, FMLFileResourcePack:Forge Multipart, FMLFileResourcePack:Minecraft Multipart Plugin, FMLFileResourcePack:MCFrames, FMLFileResourcePack:ForgeRelocation, FMLFileResourcePack:RelocationFMP, FMLFileResourcePack:MrTJPCore
[12:09:42] [Sound Library Loader/INFO]: Sound engine started
[12:09:44] [Client thread/INFO]: Created: 16x16 textures/blocks-atlas
[12:09:44] [Client thread/INFO]: Created: 16x16 textures/items-atlas
[12:09:50] [Client thread/ERROR]: Using missing texture, unable to load minecraft:textures/revolvers/trapdoor.png, java.io.FileNotFoundException
[12:09:50] [Client thread/ERROR]: Using missing texture, unable to load minecraft:textures/revolvers/door_iron_upper.png, java.io.FileNotFoundException
[12:09:50] [Client thread/ERROR]: Using missing texture, unable to load minecraft:textures/revolvers/door_wood_upper.png, java.io.FileNotFoundException
[12:09:50] [Client thread/ERROR]: Using missing texture, unable to load minecraft:textures/revolvers/door_wood_lower.png, java.io.FileNotFoundException
[12:09:50] [Client thread/ERROR]: Using missing texture, unable to load minecraft:textures/revolvers/door_iron_lower.png, java.io.FileNotFoundException
[12:09:50] [Client thread/INFO]: Created: 16x16 textures/revolvers-atlas
[12:10:24] [Client thread/INFO]: Reloading ResourceManager: Default, CustomResources, FMLFileResourcePack:Better Loading Screen, FMLFileResourcePack:Forge Mod Loader, FMLFileResourcePack:Minecraft Forge, FMLFileResourcePack:Not Enough Items, FMLFileResourcePack:Additional Buildcraft Objects, FMLFileResourcePack:Adventure Backpack, FMLFileResourcePack:AE2 Stuff, FMLFileResourcePack:AI Improvements, FMLFileResourcePack:AppleCore, FMLFileResourcePack:Applied Energistics 2, FMLFileResourcePack:Aquaculture, FMLFileResourcePack:Archimedes' Ships Plus, FMLFileResourcePack:Aroma1997Core|Helper, FMLFileResourcePack:Aroma1997's Dimensional World, FMLFileResourcePack:AromaBackup, FMLFileResourcePack:AromaBackup Recovery, FMLFileResourcePack:Backpack, FMLFileResourcePack:Baubles, FMLFileResourcePack:BD Lib, FMLFileResourcePack:Better Achievements, FMLFileResourcePack:Better Builder's Wands, FMLFileResourcePack:Better Loading Screen, FMLFileResourcePack:BiblioCraft, FMLFileResourcePack:BiblioWoods Biomes O'Plenty Edition, FMLFileResourcePack:BiblioWoods Forestry Edition, FMLFileResourcePack:BiblioWoods Natura Edition, FMLFileResourcePack:Big Reactors, FMLFileResourcePack:Biomes O' Plenty, FMLFileResourcePack:Blur, FMLFileResourcePack:Botania, FMLFileResourcePack:Brandon's Core, FMLFileResourcePack:BuildCraft, FMLFileResourcePack:BC Transport, FMLFileResourcePack:BC Factory, FMLFileResourcePack:BC Silicon, FMLFileResourcePack:BC Robotics, FMLFileResourcePack:BC Energy, FMLFileResourcePack:BC Builders, FMLFileResourcePack:Carpenter's Blocks, FMLFileResourcePack:ChickenChunks, FMLFileResourcePack:Chisel, FMLFileResourcePack:Chunk Animator, FMLFileResourcePack:CoFH Core, FMLFileResourcePack:ComputerCraft, FMLFileResourcePack:Controlling, FMLFileResourcePack:Cooking for Blockheads, FMLFileResourcePack:CosmeticArmorReworked, FMLFileResourcePack:Crafting Tweaks, FMLFileResourcePack:MineTweaker 3, FMLFileResourcePack:CreativeCore, FMLFileResourcePack:Custom Main Menu, FMLFileResourcePack:DrZhark's CustomSpawner, FMLFileResourcePack:Draconic Evolution, FMLFileResourcePack:DrZhark's Mo'Creatures Mod, FMLFileResourcePack:Dynamic Surroundings, FMLFileResourcePack:EnderCore, FMLFileResourcePack:Ender IO, FMLFileResourcePack:EnderStorage, FMLFileResourcePack:Exotic Birds, FMLFileResourcePack:Extra Cells 2, FMLFileResourcePack:ExtraTiC, FMLFileResourcePack:Extra Utilities, FMLFileResourcePack:Forestry for Minecraft, FMLFileResourcePack:FTBLib, FMLFileResourcePack:FTBUtilities, FMLFileResourcePack:Galacticraft Planets, FMLFileResourcePack:Galacticraft Core, FMLFileResourcePack:GalaxySpace, FMLFileResourcePack:Grappling hook mod, FMLFileResourcePack:GraviGun, FMLFileResourcePack:Harvest, FMLFileResourcePack:Hats, FMLFileResourcePack:HatStand, FMLFileResourcePack:iChunUtil, FMLFileResourcePack:Immersive Engineering, FMLFileResourcePack:UniversalModCore, FMLFileResourcePack:Immersive Railroading, FMLFileResourcePack:IndustrialCraft 2, FMLFileResourcePack:Inventory Tweaks, FMLFileResourcePack:Iron Chest, FMLFileResourcePack:JABBA, FMLFileResourcePack:JourneyMap, FMLFileResourcePack:KleeSlabs, FMLFileResourcePack:Levels, FMLFileResourcePack:Login Shield, FMLFileResourcePack:Magical Crops: Core, FMLFileResourcePack:MalisisCore, FMLFileResourcePack:Malisis' Doors, FMLFileResourcePack:Mantle, FMLFileResourcePack:Mekanism, FMLFileResourcePack:MekanismGenerators, FMLFileResourcePack:MekanismTools, FMLFileResourcePack:MFR Compat: MagicalCrops, FMLFileResourcePack:MineFactory Reloaded, FMLFileResourcePack:MFR Compat: Applied Energistics, FMLFileResourcePack:MFR Compat: BuildCraft, FMLFileResourcePack:MFR Compat: Forestry, FMLFileResourcePack:MFR Compat: ForgeMicroblock, FMLFileResourcePack:MFR Compat: IC2, FMLFileResourcePack:MFR Compat: Thermal Expansion, FMLFileResourcePack:MFR Compat: Tinkers' Construct, FMLFileResourcePack:MFR Compat: Vanilla, FMLFileResourcePack:MachineMuse's Modular Powersuits, FMLFileResourcePack:Morpheus, FMLFileResourcePack:Moving World, FMLFileResourcePack:§9MrCrayfish's Furniture Mod, FMLFileResourcePack:Natura, FMLFileResourcePack:NEI Addons, FMLFileResourcePack:NEI Addons: Developer Tools, FMLFileResourcePack:NEI Addons: Applied Energistics 2, FMLFileResourcePack:NEI Addons: Botany, FMLFileResourcePack:NEI Addons: Forestry, FMLFileResourcePack:NEI Addons: Crafting Tables, FMLFileResourcePack:NEI Addons: Ex Nihilo, FMLFileResourcePack:Nether Ores, FMLFileResourcePack:NotEnoughIDs, FMLFileResourcePack:NotEnoughKeys, FMLFileResourcePack:Not Enough Resources, FMLFileResourcePack:NuclearCraft, FMLFileResourcePack:Numina, FMLFileResourcePack:OpenBlocks, FMLFileResourcePack:OpenMods, FMLFileResourcePack:p455w0rd's Library, FMLFileResourcePack:Pam's HarvestCraft, FMLFileResourcePack:Placeable Items Mod, FMLFileResourcePack:PortalGun, FMLFileResourcePack:ProjectRed Core, FMLFileResourcePack:ProjectRed Compatibility, FMLFileResourcePack:ProjectRed Integration, FMLFileResourcePack:ProjectRed Transmission, FMLFileResourcePack:ProjectRed Expansion, FMLFileResourcePack:ProjectRed Transportation, FMLFileResourcePack:QuantumStorage, FMLFileResourcePack:Random Things, FMLFileResourcePack:ReAuth, FMLFileResourcePack:Redstone Paste, FMLFileResourcePack:Resource Loader, FMLFileResourcePack:RFTools, FMLFileResourcePack:Sign Post, FMLFileResourcePack:Simply Jetpacks, FMLFileResourcePack:Sit, FMLFileResourcePack:Sound Filters, FMLFileResourcePack:Steve's Carts 2, FMLFileResourcePack:Storage Drawers, FMLFileResourcePack:Storage Drawers: Biomes O' Plenty Pack, FMLFileResourcePack:Storage Drawers: Forestry Pack, FMLFileResourcePack:Storage Drawers: Natura Pack, FMLFileResourcePack:Tinkers' Construct, FMLFileResourcePack:Thermal Dynamics, FMLFileResourcePack:Thermal Expansion, FMLFileResourcePack:Thermal Foundation, FMLFileResourcePack:TiC Tooltips, FMLFileResourcePack:Torched, FMLFileResourcePack:Track API, FMLFileResourcePack:Tumbleweed, FMLFileResourcePack:Vein Miner, FMLFileResourcePack:Mod Support, FMLFileResourcePack:Waila, FMLFileResourcePack:Waila Harvestability, FMLFileResourcePack:AE2 Wireless Crafting Terminal, FMLFileResourcePack:Forge Microblocks, FMLFileResourcePack:Forge Multipart, FMLFileResourcePack:Minecraft Multipart Plugin, FMLFileResourcePack:MCFrames, FMLFileResourcePack:ForgeRelocation, FMLFileResourcePack:RelocationFMP, FMLFileResourcePack:MrTJPCore, Blur dummy resource pack, CustomResources, XU_Delegate_Pack, XU_Delegate_Pack, XU_Delegate_Pack, FMLFileResourcePack:Carpenter's Blocks Cached Resources, resources, CustomOverridingResources
[12:10:27] [Client thread/ERROR]: Using missing texture, unable to load minecraft:textures/blocks/MISSING_ICON_BLOCK_2458_proxyBlock.png, java.io.FileNotFoundException
[12:10:27] [Client thread/ERROR]: Using missing texture, unable to load magicalcrops:textures/blocks/Crop_S3.png, java.io.FileNotFoundException
[12:10:30] [Client thread/ERROR]: Using missing texture, unable to load missing_icon_block_2074_immersiverailroading:textures/blocks/block_rail_gag.png, java.io.FileNotFoundException
[12:10:31] [Client thread/ERROR]: Using missing texture, unable to load minecraft:textures/blocks/MISSING_ICON_BLOCK_633_null.png, java.io.FileNotFoundException
[12:10:33] [Client thread/ERROR]: Unable to parse metadata from signpost:textures/blocks/bigsign_birch.png
java.lang.RuntimeException: broken aspect ratio and not an animation
	at net.minecraft.client.renderer.texture.TextureAtlasSprite.func_147964_a(TextureAtlasSprite.java:303) ~[bqd.class:?]
	at net.minecraft.client.renderer.texture.TextureMap.func_110571_b(TextureMap.java:269) [bpz.class:?]
	at net.minecraft.client.renderer.texture.TextureMap.func_110551_a(TextureMap.java:152) [bpz.class:?]
	at net.minecraft.client.renderer.texture.TextureManager.func_110579_a(TextureManager.java:101) [bqf.class:?]
	at net.minecraft.client.renderer.texture.TextureManager.func_110549_a(TextureManager.java:215) [bqf.class:?]
	at net.minecraft.client.resources.SimpleReloadableResourceManager.func_110544_b(SimpleReloadableResourceManager.java:143) [brg.class:?]
	at net.minecraft.client.resources.SimpleReloadableResourceManager.func_110541_a(SimpleReloadableResourceManager.java:121) [brg.class:?]
	at net.minecraft.client.Minecraft.func_110436_a(Minecraft.java:609) [bao.class:?]
	at cpw.mods.fml.client.FMLClientHandler.finishMinecraftLoading(FMLClientHandler.java:327) [FMLClientHandler.class:?]
	at net.minecraft.client.Minecraft.func_71384_a(Minecraft.java:552) [bao.class:?]
	at net.minecraft.client.Minecraft.func_99999_d(Minecraft.java:878) [bao.class:?]
	at net.minecraft.client.main.Main.main(SourceFile:148) [Main.class:?]
	at sun.reflect.NativeMethodAccessorImpl.invoke0(Native Method) ~[?:1.8.0_181]
	at sun.reflect.NativeMethodAccessorImpl.invoke(Unknown Source) ~[?:1.8.0_181]
	at sun.reflect.DelegatingMethodAccessorImpl.invoke(Unknown Source) ~[?:1.8.0_181]
	at java.lang.reflect.Method.invoke(Unknown Source) ~[?:1.8.0_181]
	at net.minecraft.launchwrapper.Launch.launch(Launch.java:135) [launchwrapper-1.12.jar:?]
	at net.minecraft.launchwrapper.Launch.main(Launch.java:28) [launchwrapper-1.12.jar:?]
	at sun.reflect.NativeMethodAccessorImpl.invoke0(Native Method) ~[?:1.8.0_181]
	at sun.reflect.NativeMethodAccessorImpl.invoke(Unknown Source) ~[?:1.8.0_181]
	at sun.reflect.DelegatingMethodAccessorImpl.invoke(Unknown Source) ~[?:1.8.0_181]
	at java.lang.reflect.Method.invoke(Unknown Source) ~[?:1.8.0_181]
	at org.multimc.onesix.OneSixLauncher.launchWithMainClass(OneSixLauncher.java:196) [NewLaunch.jar:?]
	at org.multimc.onesix.OneSixLauncher.launch(OneSixLauncher.java:231) [NewLaunch.jar:?]
	at org.multimc.EntryPoint.listen(EntryPoint.java:143) [NewLaunch.jar:?]
	at org.multimc.EntryPoint.main(EntryPoint.java:34) [NewLaunch.jar:?]
[12:10:36] [Client thread/ERROR]: Unable to parse metadata from signpost:textures/blocks/bigsign_acacia.png
java.lang.RuntimeException: broken aspect ratio and not an animation
	at net.minecraft.client.renderer.texture.TextureAtlasSprite.func_147964_a(TextureAtlasSprite.java:303) ~[bqd.class:?]
	at net.minecraft.client.renderer.texture.TextureMap.func_110571_b(TextureMap.java:269) [bpz.class:?]
	at net.minecraft.client.renderer.texture.TextureMap.func_110551_a(TextureMap.java:152) [bpz.class:?]
	at net.minecraft.client.renderer.texture.TextureManager.func_110579_a(TextureManager.java:101) [bqf.class:?]
	at net.minecraft.client.renderer.texture.TextureManager.func_110549_a(TextureManager.java:215) [bqf.class:?]
	at net.minecraft.client.resources.SimpleReloadableResourceManager.func_110544_b(SimpleReloadableResourceManager.java:143) [brg.class:?]
	at net.minecraft.client.resources.SimpleReloadableResourceManager.func_110541_a(SimpleReloadableResourceManager.java:121) [brg.class:?]
	at net.minecraft.client.Minecraft.func_110436_a(Minecraft.java:609) [bao.class:?]
	at cpw.mods.fml.client.FMLClientHandler.finishMinecraftLoading(FMLClientHandler.java:327) [FMLClientHandler.class:?]
	at net.minecraft.client.Minecraft.func_71384_a(Minecraft.java:552) [bao.class:?]
	at net.minecraft.client.Minecraft.func_99999_d(Minecraft.java:878) [bao.class:?]
	at net.minecraft.client.main.Main.main(SourceFile:148) [Main.class:?]
	at sun.reflect.NativeMethodAccessorImpl.invoke0(Native Method) ~[?:1.8.0_181]
	at sun.reflect.NativeMethodAccessorImpl.invoke(Unknown Source) ~[?:1.8.0_181]
	at sun.reflect.DelegatingMethodAccessorImpl.invoke(Unknown Source) ~[?:1.8.0_181]
	at java.lang.reflect.Method.invoke(Unknown Source) ~[?:1.8.0_181]
	at net.minecraft.launchwrapper.Launch.launch(Launch.java:135) [launchwrapper-1.12.jar:?]
	at net.minecraft.launchwrapper.Launch.main(Launch.java:28) [launchwrapper-1.12.jar:?]
	at sun.reflect.NativeMethodAccessorImpl.invoke0(Native Method) ~[?:1.8.0_181]
	at sun.reflect.NativeMethodAccessorImpl.invoke(Unknown Source) ~[?:1.8.0_181]
	at sun.reflect.DelegatingMethodAccessorImpl.invoke(Unknown Source) ~[?:1.8.0_181]
	at java.lang.reflect.Method.invoke(Unknown Source) ~[?:1.8.0_181]
	at org.multimc.onesix.OneSixLauncher.launchWithMainClass(OneSixLauncher.java:196) [NewLaunch.jar:?]
	at org.multimc.onesix.OneSixLauncher.launch(OneSixLauncher.java:231) [NewLaunch.jar:?]
	at org.multimc.EntryPoint.listen(EntryPoint.java:143) [NewLaunch.jar:?]
	at org.multimc.EntryPoint.main(EntryPoint.java:34) [NewLaunch.jar:?]
[12:10:37] [Client thread/ERROR]: Unable to parse metadata from signpost:textures/blocks/bigsign_stone.png
java.lang.RuntimeException: broken aspect ratio and not an animation
	at net.minecraft.client.renderer.texture.TextureAtlasSprite.func_147964_a(TextureAtlasSprite.java:303) ~[bqd.class:?]
	at net.minecraft.client.renderer.texture.TextureMap.func_110571_b(TextureMap.java:269) [bpz.class:?]
	at net.minecraft.client.renderer.texture.TextureMap.func_110551_a(TextureMap.java:152) [bpz.class:?]
	at net.minecraft.client.renderer.texture.TextureManager.func_110579_a(TextureManager.java:101) [bqf.class:?]
	at net.minecraft.client.renderer.texture.TextureManager.func_110549_a(TextureManager.java:215) [bqf.class:?]
	at net.minecraft.client.resources.SimpleReloadableResourceManager.func_110544_b(SimpleReloadableResourceManager.java:143) [brg.class:?]
	at net.minecraft.client.resources.SimpleReloadableResourceManager.func_110541_a(SimpleReloadableResourceManager.java:121) [brg.class:?]
	at net.minecraft.client.Minecraft.func_110436_a(Minecraft.java:609) [bao.class:?]
	at cpw.mods.fml.client.FMLClientHandler.finishMinecraftLoading(FMLClientHandler.java:327) [FMLClientHandler.class:?]
	at net.minecraft.client.Minecraft.func_71384_a(Minecraft.java:552) [bao.class:?]
	at net.minecraft.client.Minecraft.func_99999_d(Minecraft.java:878) [bao.class:?]
	at net.minecraft.client.main.Main.main(SourceFile:148) [Main.class:?]
	at sun.reflect.NativeMethodAccessorImpl.invoke0(Native Method) ~[?:1.8.0_181]
	at sun.reflect.NativeMethodAccessorImpl.invoke(Unknown Source) ~[?:1.8.0_181]
	at sun.reflect.DelegatingMethodAccessorImpl.invoke(Unknown Source) ~[?:1.8.0_181]
	at java.lang.reflect.Method.invoke(Unknown Source) ~[?:1.8.0_181]
	at net.minecraft.launchwrapper.Launch.launch(Launch.java:135) [launchwrapper-1.12.jar:?]
	at net.minecraft.launchwrapper.Launch.main(Launch.java:28) [launchwrapper-1.12.jar:?]
	at sun.reflect.NativeMethodAccessorImpl.invoke0(Native Method) ~[?:1.8.0_181]
	at sun.reflect.NativeMethodAccessorImpl.invoke(Unknown Source) ~[?:1.8.0_181]
	at sun.reflect.DelegatingMethodAccessorImpl.invoke(Unknown Source) ~[?:1.8.0_181]
	at java.lang.reflect.Method.invoke(Unknown Source) ~[?:1.8.0_181]
	at org.multimc.onesix.OneSixLauncher.launchWithMainClass(OneSixLauncher.java:196) [NewLaunch.jar:?]
	at org.multimc.onesix.OneSixLauncher.launch(OneSixLauncher.java:231) [NewLaunch.jar:?]
	at org.multimc.EntryPoint.listen(EntryPoint.java:143) [NewLaunch.jar:?]
	at org.multimc.EntryPoint.main(EntryPoint.java:34) [NewLaunch.jar:?]
[12:10:40] [Client thread/ERROR]: Using missing texture, unable to load minecraft:textures/blocks/TConIntegration.bedrock.png, java.io.FileNotFoundException
[12:10:42] [Client thread/ERROR]: Unable to parse metadata from signpost:textures/blocks/bigsign_big_oak.png
java.lang.RuntimeException: broken aspect ratio and not an animation
	at net.minecraft.client.renderer.texture.TextureAtlasSprite.func_147964_a(TextureAtlasSprite.java:303) ~[bqd.class:?]
	at net.minecraft.client.renderer.texture.TextureMap.func_110571_b(TextureMap.java:269) [bpz.class:?]
	at net.minecraft.client.renderer.texture.TextureMap.func_110551_a(TextureMap.java:152) [bpz.class:?]
	at net.minecraft.client.renderer.texture.TextureManager.func_110579_a(TextureManager.java:101) [bqf.class:?]
	at net.minecraft.client.renderer.texture.TextureManager.func_110549_a(TextureManager.java:215) [bqf.class:?]
	at net.minecraft.client.resources.SimpleReloadableResourceManager.func_110544_b(SimpleReloadableResourceManager.java:143) [brg.class:?]
	at net.minecraft.client.resources.SimpleReloadableResourceManager.func_110541_a(SimpleReloadableResourceManager.java:121) [brg.class:?]
	at net.minecraft.client.Minecraft.func_110436_a(Minecraft.java:609) [bao.class:?]
	at cpw.mods.fml.client.FMLClientHandler.finishMinecraftLoading(FMLClientHandler.java:327) [FMLClientHandler.class:?]
	at net.minecraft.client.Minecraft.func_71384_a(Minecraft.java:552) [bao.class:?]
	at net.minecraft.client.Minecraft.func_99999_d(Minecraft.java:878) [bao.class:?]
	at net.minecraft.client.main.Main.main(SourceFile:148) [Main.class:?]
	at sun.reflect.NativeMethodAccessorImpl.invoke0(Native Method) ~[?:1.8.0_181]
	at sun.reflect.NativeMethodAccessorImpl.invoke(Unknown Source) ~[?:1.8.0_181]
	at sun.reflect.DelegatingMethodAccessorImpl.invoke(Unknown Source) ~[?:1.8.0_181]
	at java.lang.reflect.Method.invoke(Unknown Source) ~[?:1.8.0_181]
	at net.minecraft.launchwrapper.Launch.launch(Launch.java:135) [launchwrapper-1.12.jar:?]
	at net.minecraft.launchwrapper.Launch.main(Launch.java:28) [launchwrapper-1.12.jar:?]
	at sun.reflect.NativeMethodAccessorImpl.invoke0(Native Method) ~[?:1.8.0_181]
	at sun.reflect.NativeMethodAccessorImpl.invoke(Unknown Source) ~[?:1.8.0_181]
	at sun.reflect.DelegatingMethodAccessorImpl.invoke(Unknown Source) ~[?:1.8.0_181]
	at java.lang.reflect.Method.invoke(Unknown Source) ~[?:1.8.0_181]
	at org.multimc.onesix.OneSixLauncher.launchWithMainClass(OneSixLauncher.java:196) [NewLaunch.jar:?]
	at org.multimc.onesix.OneSixLauncher.launch(OneSixLauncher.java:231) [NewLaunch.jar:?]
	at org.multimc.EntryPoint.listen(EntryPoint.java:143) [NewLaunch.jar:?]
	at org.multimc.EntryPoint.main(EntryPoint.java:34) [NewLaunch.jar:?]
[12:10:42] [Client thread/ERROR]: Using missing texture, unable to load minecraft:textures/blocks/planks.png, java.io.FileNotFoundException
[12:10:43] [Client thread/ERROR]: Using missing texture, unable to load immersiveengineering:textures/blocks/metal2_skycrateDispenser.png, java.io.FileNotFoundException
[12:10:44] [Client thread/ERROR]: Using missing texture, unable to load magicalcrops:textures/blocks/Crop_3.png, java.io.FileNotFoundException
[12:10:44] [Client thread/ERROR]: Using missing texture, unable to load chisel:textures/blocks/endstone/EnderFrame.png, java.io.FileNotFoundException
[12:10:44] [Client thread/ERROR]: Using missing texture, unable to load missing_icon_block_2073_immersiverailroading:textures/blocks/block_rail_preview.png, java.io.FileNotFoundException
[12:10:44] [Client thread/ERROR]: Using missing texture, unable to load minecraft:textures/blocks/MISSING_ICON_BLOCK_1616_extracells.block.walrus.png, java.io.FileNotFoundException
[12:10:45] [Client thread/ERROR]: Unable to parse metadata from signpost:textures/blocks/bigsign_jungle.png
java.lang.RuntimeException: broken aspect ratio and not an animation
	at net.minecraft.client.renderer.texture.TextureAtlasSprite.func_147964_a(TextureAtlasSprite.java:303) ~[bqd.class:?]
	at net.minecraft.client.renderer.texture.TextureMap.func_110571_b(TextureMap.java:269) [bpz.class:?]
	at net.minecraft.client.renderer.texture.TextureMap.func_110551_a(TextureMap.java:152) [bpz.class:?]
	at net.minecraft.client.renderer.texture.TextureManager.func_110579_a(TextureManager.java:101) [bqf.class:?]
	at net.minecraft.client.renderer.texture.TextureManager.func_110549_a(TextureManager.java:215) [bqf.class:?]
	at net.minecraft.client.resources.SimpleReloadableResourceManager.func_110544_b(SimpleReloadableResourceManager.java:143) [brg.class:?]
	at net.minecraft.client.resources.SimpleReloadableResourceManager.func_110541_a(SimpleReloadableResourceManager.java:121) [brg.class:?]
	at net.minecraft.client.Minecraft.func_110436_a(Minecraft.java:609) [bao.class:?]
	at cpw.mods.fml.client.FMLClientHandler.finishMinecraftLoading(FMLClientHandler.java:327) [FMLClientHandler.class:?]
	at net.minecraft.client.Minecraft.func_71384_a(Minecraft.java:552) [bao.class:?]
	at net.minecraft.client.Minecraft.func_99999_d(Minecraft.java:878) [bao.class:?]
	at net.minecraft.client.main.Main.main(SourceFile:148) [Main.class:?]
	at sun.reflect.NativeMethodAccessorImpl.invoke0(Native Method) ~[?:1.8.0_181]
	at sun.reflect.NativeMethodAccessorImpl.invoke(Unknown Source) ~[?:1.8.0_181]
	at sun.reflect.DelegatingMethodAccessorImpl.invoke(Unknown Source) ~[?:1.8.0_181]
	at java.lang.reflect.Method.invoke(Unknown Source) ~[?:1.8.0_181]
	at net.minecraft.launchwrapper.Launch.launch(Launch.java:135) [launchwrapper-1.12.jar:?]
	at net.minecraft.launchwrapper.Launch.main(Launch.java:28) [launchwrapper-1.12.jar:?]
	at sun.reflect.NativeMethodAccessorImpl.invoke0(Native Method) ~[?:1.8.0_181]
	at sun.reflect.NativeMethodAccessorImpl.invoke(Unknown Source) ~[?:1.8.0_181]
	at sun.reflect.DelegatingMethodAccessorImpl.invoke(Unknown Source) ~[?:1.8.0_181]
	at java.lang.reflect.Method.invoke(Unknown Source) ~[?:1.8.0_181]
	at org.multimc.onesix.OneSixLauncher.launchWithMainClass(OneSixLauncher.java:196) [NewLaunch.jar:?]
	at org.multimc.onesix.OneSixLauncher.launch(OneSixLauncher.java:231) [NewLaunch.jar:?]
	at org.multimc.EntryPoint.listen(EntryPoint.java:143) [NewLaunch.jar:?]
	at org.multimc.EntryPoint.main(EntryPoint.java:34) [NewLaunch.jar:?]
[12:10:45] [Client thread/ERROR]: Unable to parse metadata from signpost:textures/blocks/bigsign_spruce.png
java.lang.RuntimeException: broken aspect ratio and not an animation
	at net.minecraft.client.renderer.texture.TextureAtlasSprite.func_147964_a(TextureAtlasSprite.java:303) ~[bqd.class:?]
	at net.minecraft.client.renderer.texture.TextureMap.func_110571_b(TextureMap.java:269) [bpz.class:?]
	at net.minecraft.client.renderer.texture.TextureMap.func_110551_a(TextureMap.java:152) [bpz.class:?]
	at net.minecraft.client.renderer.texture.TextureManager.func_110579_a(TextureManager.java:101) [bqf.class:?]
	at net.minecraft.client.renderer.texture.TextureManager.func_110549_a(TextureManager.java:215) [bqf.class:?]
	at net.minecraft.client.resources.SimpleReloadableResourceManager.func_110544_b(SimpleReloadableResourceManager.java:143) [brg.class:?]
	at net.minecraft.client.resources.SimpleReloadableResourceManager.func_110541_a(SimpleReloadableResourceManager.java:121) [brg.class:?]
	at net.minecraft.client.Minecraft.func_110436_a(Minecraft.java:609) [bao.class:?]
	at cpw.mods.fml.client.FMLClientHandler.finishMinecraftLoading(FMLClientHandler.java:327) [FMLClientHandler.class:?]
	at net.minecraft.client.Minecraft.func_71384_a(Minecraft.java:552) [bao.class:?]
	at net.minecraft.client.Minecraft.func_99999_d(Minecraft.java:878) [bao.class:?]
	at net.minecraft.client.main.Main.main(SourceFile:148) [Main.class:?]
	at sun.reflect.NativeMethodAccessorImpl.invoke0(Native Method) ~[?:1.8.0_181]
	at sun.reflect.NativeMethodAccessorImpl.invoke(Unknown Source) ~[?:1.8.0_181]
	at sun.reflect.DelegatingMethodAccessorImpl.invoke(Unknown Source) ~[?:1.8.0_181]
	at java.lang.reflect.Method.invoke(Unknown Source) ~[?:1.8.0_181]
	at net.minecraft.launchwrapper.Launch.launch(Launch.java:135) [launchwrapper-1.12.jar:?]
	at net.minecraft.launchwrapper.Launch.main(Launch.java:28) [launchwrapper-1.12.jar:?]
	at sun.reflect.NativeMethodAccessorImpl.invoke0(Native Method) ~[?:1.8.0_181]
	at sun.reflect.NativeMethodAccessorImpl.invoke(Unknown Source) ~[?:1.8.0_181]
	at sun.reflect.DelegatingMethodAccessorImpl.invoke(Unknown Source) ~[?:1.8.0_181]
	at java.lang.reflect.Method.invoke(Unknown Source) ~[?:1.8.0_181]
	at org.multimc.onesix.OneSixLauncher.launchWithMainClass(OneSixLauncher.java:196) [NewLaunch.jar:?]
	at org.multimc.onesix.OneSixLauncher.launch(OneSixLauncher.java:231) [NewLaunch.jar:?]
	at org.multimc.EntryPoint.listen(EntryPoint.java:143) [NewLaunch.jar:?]
	at org.multimc.EntryPoint.main(EntryPoint.java:34) [NewLaunch.jar:?]
[12:10:46] [Client thread/ERROR]: Using missing texture, unable to load galaxyspace:textures/blocks/proximasystem/proxima_b/proxima_b_ice_surface.png, java.io.FileNotFoundException
[12:10:46] [Client thread/ERROR]: Using missing texture, unable to load additionalbuildcraftobjects:textures/blocks/waterwheelBlock/default.png, java.io.FileNotFoundException
[12:10:46] [Client thread/ERROR]: Unable to parse metadata from signpost:textures/blocks/bigsign_iron.png
java.lang.RuntimeException: broken aspect ratio and not an animation
	at net.minecraft.client.renderer.texture.TextureAtlasSprite.func_147964_a(TextureAtlasSprite.java:303) ~[bqd.class:?]
	at net.minecraft.client.renderer.texture.TextureMap.func_110571_b(TextureMap.java:269) [bpz.class:?]
	at net.minecraft.client.renderer.texture.TextureMap.func_110551_a(TextureMap.java:152) [bpz.class:?]
	at net.minecraft.client.renderer.texture.TextureManager.func_110579_a(TextureManager.java:101) [bqf.class:?]
	at net.minecraft.client.renderer.texture.TextureManager.func_110549_a(TextureManager.java:215) [bqf.class:?]
	at net.minecraft.client.resources.SimpleReloadableResourceManager.func_110544_b(SimpleReloadableResourceManager.java:143) [brg.class:?]
	at net.minecraft.client.resources.SimpleReloadableResourceManager.func_110541_a(SimpleReloadableResourceManager.java:121) [brg.class:?]
	at net.minecraft.client.Minecraft.func_110436_a(Minecraft.java:609) [bao.class:?]
	at cpw.mods.fml.client.FMLClientHandler.finishMinecraftLoading(FMLClientHandler.java:327) [FMLClientHandler.class:?]
	at net.minecraft.client.Minecraft.func_71384_a(Minecraft.java:552) [bao.class:?]
	at net.minecraft.client.Minecraft.func_99999_d(Minecraft.java:878) [bao.class:?]
	at net.minecraft.client.main.Main.main(SourceFile:148) [Main.class:?]
	at sun.reflect.NativeMethodAccessorImpl.invoke0(Native Method) ~[?:1.8.0_181]
	at sun.reflect.NativeMethodAccessorImpl.invoke(Unknown Source) ~[?:1.8.0_181]
	at sun.reflect.DelegatingMethodAccessorImpl.invoke(Unknown Source) ~[?:1.8.0_181]
	at java.lang.reflect.Method.invoke(Unknown Source) ~[?:1.8.0_181]
	at net.minecraft.launchwrapper.Launch.launch(Launch.java:135) [launchwrapper-1.12.jar:?]
	at net.minecraft.launchwrapper.Launch.main(Launch.java:28) [launchwrapper-1.12.jar:?]
	at sun.reflect.NativeMethodAccessorImpl.invoke0(Native Method) ~[?:1.8.0_181]
	at sun.reflect.NativeMethodAccessorImpl.invoke(Unknown Source) ~[?:1.8.0_181]
	at sun.reflect.DelegatingMethodAccessorImpl.invoke(Unknown Source) ~[?:1.8.0_181]
	at java.lang.reflect.Method.invoke(Unknown Source) ~[?:1.8.0_181]
	at org.multimc.onesix.OneSixLauncher.launchWithMainClass(OneSixLauncher.java:196) [NewLaunch.jar:?]
	at org.multimc.onesix.OneSixLauncher.launch(OneSixLauncher.java:231) [NewLaunch.jar:?]
	at org.multimc.EntryPoint.listen(EntryPoint.java:143) [NewLaunch.jar:?]
	at org.multimc.EntryPoint.main(EntryPoint.java:34) [NewLaunch.jar:?]
[12:10:46] [Client thread/ERROR]: Using missing texture, unable to load missing_icon_block_2076_immersiverailroading:textures/blocks/multiblock.png, java.io.FileNotFoundException
[12:10:46] [Client thread/ERROR]: Using missing texture, unable to load minecraft:textures/blocks/MISSING_ICON_BLOCK_634_null.png, java.io.FileNotFoundException
[12:10:47] [Client thread/ERROR]: Using missing texture, unable to load missing_icon_block_2075_immersiverailroading:textures/blocks/block_rail.png, java.io.FileNotFoundException
[12:10:47] [Client thread/ERROR]: Using missing texture, unable to load minecraft:textures/blocks/MISSING_ICON_BLOCK_216_bookshelf.png, java.io.FileNotFoundException
[12:10:48] [Client thread/ERROR]: Using missing texture, unable to load botania:textures/blocks/alt/clayconiaChibi.png, java.io.FileNotFoundException
[12:10:48] [Client thread/ERROR]: Unable to parse metadata from signpost:textures/blocks/bigsign_oak.png
java.lang.RuntimeException: broken aspect ratio and not an animation
	at net.minecraft.client.renderer.texture.TextureAtlasSprite.func_147964_a(TextureAtlasSprite.java:303) ~[bqd.class:?]
	at net.minecraft.client.renderer.texture.TextureMap.func_110571_b(TextureMap.java:269) [bpz.class:?]
	at net.minecraft.client.renderer.texture.TextureMap.func_110551_a(TextureMap.java:152) [bpz.class:?]
	at net.minecraft.client.renderer.texture.TextureManager.func_110579_a(TextureManager.java:101) [bqf.class:?]
	at net.minecraft.client.renderer.texture.TextureManager.func_110549_a(TextureManager.java:215) [bqf.class:?]
	at net.minecraft.client.resources.SimpleReloadableResourceManager.func_110544_b(SimpleReloadableResourceManager.java:143) [brg.class:?]
	at net.minecraft.client.resources.SimpleReloadableResourceManager.func_110541_a(SimpleReloadableResourceManager.java:121) [brg.class:?]
	at net.minecraft.client.Minecraft.func_110436_a(Minecraft.java:609) [bao.class:?]
	at cpw.mods.fml.client.FMLClientHandler.finishMinecraftLoading(FMLClientHandler.java:327) [FMLClientHandler.class:?]
	at net.minecraft.client.Minecraft.func_71384_a(Minecraft.java:552) [bao.class:?]
	at net.minecraft.client.Minecraft.func_99999_d(Minecraft.java:878) [bao.class:?]
	at net.minecraft.client.main.Main.main(SourceFile:148) [Main.class:?]
	at sun.reflect.NativeMethodAccessorImpl.invoke0(Native Method) ~[?:1.8.0_181]
	at sun.reflect.NativeMethodAccessorImpl.invoke(Unknown Source) ~[?:1.8.0_181]
	at sun.reflect.DelegatingMethodAccessorImpl.invoke(Unknown Source) ~[?:1.8.0_181]
	at java.lang.reflect.Method.invoke(Unknown Source) ~[?:1.8.0_181]
	at net.minecraft.launchwrapper.Launch.launch(Launch.java:135) [launchwrapper-1.12.jar:?]
	at net.minecraft.launchwrapper.Launch.main(Launch.java:28) [launchwrapper-1.12.jar:?]
	at sun.reflect.NativeMethodAccessorImpl.invoke0(Native Method) ~[?:1.8.0_181]
	at sun.reflect.NativeMethodAccessorImpl.invoke(Unknown Source) ~[?:1.8.0_181]
	at sun.reflect.DelegatingMethodAccessorImpl.invoke(Unknown Source) ~[?:1.8.0_181]
	at java.lang.reflect.Method.invoke(Unknown Source) ~[?:1.8.0_181]
	at org.multimc.onesix.OneSixLauncher.launchWithMainClass(OneSixLauncher.java:196) [NewLaunch.jar:?]
	at org.multimc.onesix.OneSixLauncher.launch(OneSixLauncher.java:231) [NewLaunch.jar:?]
	at org.multimc.EntryPoint.listen(EntryPoint.java:143) [NewLaunch.jar:?]
	at org.multimc.EntryPoint.main(EntryPoint.java:34) [NewLaunch.jar:?]
[12:10:48] [Client thread/ERROR]: Using missing texture, unable to load additionalbuildcraftobjects:textures/blocks/windmillBlock/default.png, java.io.FileNotFoundException
[12:10:48] [Client thread/INFO]: textures/blocks: dropping miplevel from 4 to 3, because of minTexel: 8
[12:10:50] [Client thread/INFO]: Created: 4096x2048 textures/blocks-atlas
[12:10:50] [Client thread/ERROR]: Using missing texture, unable to load minecraft:textures/revolvers/door_iron_upper.png, java.io.FileNotFoundException
[12:10:50] [Client thread/ERROR]: Using missing texture, unable to load minecraft:textures/revolvers/door_wood_upper.png, java.io.FileNotFoundException
[12:10:50] [Client thread/ERROR]: Using missing texture, unable to load immersiveengineering:textures/revolvers/revolver_tesla.png, java.io.FileNotFoundException
[12:10:50] [Client thread/ERROR]: Using missing texture, unable to load immersiveengineering:textures/revolvers/revolver_rose.png, java.io.FileNotFoundException
[12:10:50] [Client thread/ERROR]: Using missing texture, unable to load minecraft:textures/revolvers/door_wood_lower.png, java.io.FileNotFoundException
[12:10:50] [Client thread/ERROR]: Using missing texture, unable to load minecraft:textures/revolvers/door_iron_lower.png, java.io.FileNotFoundException
[12:10:50] [Client thread/ERROR]: Using missing texture, unable to load minecraft:textures/revolvers/trapdoor.png, java.io.FileNotFoundException
[12:10:50] [Client thread/INFO]: Created: 1024x1024 textures/revolvers-atlas
[12:10:54] [Client thread/ERROR]: Using missing texture, unable to load missing_icon_item_6615_immersiverailroading:textures/items/item_rolling_stock.png, java.io.FileNotFoundException
[12:10:54] [Client thread/ERROR]: Using missing texture, unable to load harvestcraft:textures/items/chocolaterollItem.png, java.io.FileNotFoundException
[12:10:55] [Client thread/ERROR]: Using missing texture, unable to load missing_icon_item_4407_extrautils:textures/items/lawSword.png, java.io.FileNotFoundException
[12:10:57] [Client thread/ERROR]: Using missing texture, unable to load missing_icon_item_6626_immersiverailroading:textures/items/item_paint_brush.png, java.io.FileNotFoundException
[12:10:57] [Client thread/ERROR]: Using missing texture, unable to load minecraft:textures/items/MISSING_ICON_ITEM_5543_extracells.pattern.crafting.png, java.io.FileNotFoundException
[12:10:58] [Client thread/ERROR]: Using missing texture, unable to load missing_icon_item_6623_immersiverailroading:textures/items/item_plate.png, java.io.FileNotFoundException
[12:10:58] [Client thread/ERROR]: Using missing texture, unable to load draconicevolution:textures/items/chaosFragment.png, java.io.FileNotFoundException
[12:10:58] [Client thread/ERROR]: Using missing texture, unable to load missing_icon_item_6622_immersiverailroading:textures/items/item_rail_part.png, java.io.FileNotFoundException
[12:10:58] [Client thread/ERROR]: Using missing texture, unable to load missing_icon_item_4424_extrautils:textures/items/microblocks.png, java.io.FileNotFoundException
[12:10:59] [Client thread/ERROR]: Using missing texture, unable to load missing_icon_item_6620_immersiverailroading:textures/items/item_rail.png, java.io.FileNotFoundException
[12:11:00] [Client thread/ERROR]: Using missing texture, unable to load buildcraft:textures/items/triggers/trigger_machine_active.png, java.io.FileNotFoundException
[12:11:00] [Client thread/ERROR]: Using missing texture, unable to load buildcraft:textures/items/triggers/trigger_machine_inactive.png, java.io.FileNotFoundException
[12:11:01] [Client thread/ERROR]: Using missing texture, unable to load missing_icon_item_6627_immersiverailroading:textures/items/item_golden_spike.png, java.io.FileNotFoundException
[12:11:01] [Client thread/ERROR]: Using missing texture, unable to load missing_icon_item_6629_immersiverailroading:textures/items/item_switch_key.png, java.io.FileNotFoundException
[12:11:01] [Client thread/ERROR]: Using missing texture, unable to load missing_icon_item_6619_immersiverailroading:textures/items/item_augment.png, java.io.FileNotFoundException
[12:11:01] [Client thread/ERROR]: Using missing texture, unable to load missing_icon_item_6625_immersiverailroading:textures/items/item_conductor_whistle.png, java.io.FileNotFoundException
[12:11:02] [Client thread/ERROR]: Using missing texture, unable to load missing_icon_item_6617_immersiverailroading:textures/items/item_large_wrench.png, java.io.FileNotFoundException
[12:11:02] [Client thread/ERROR]: Using missing texture, unable to load missing_icon_item_6618_immersiverailroading:textures/items/item_hook.png, java.io.FileNotFoundException
[12:11:02] [Client thread/ERROR]: Using missing texture, unable to load missing_icon_item_6624_immersiverailroading:textures/items/item_cast_rail.png, java.io.FileNotFoundException
[12:11:02] [Client thread/ERROR]: Using missing texture, unable to load minecraft:textures/items/MISSING_ICON_BLOCK_1024_gaiaHeadBlock_skeleton.png, java.io.FileNotFoundException
[12:11:02] [Client thread/ERROR]: Using missing texture, unable to load missing_icon_item_6630_immersiverailroading:textures/items/item_track_exchanger.png, java.io.FileNotFoundException
[12:11:03] [Client thread/ERROR]: Using missing texture, unable to load minecraft:textures/items/MISSING_ICON_ITEM_5540_extracells.fluid.item.png, java.io.FileNotFoundException
[12:11:03] [Client thread/ERROR]: Using missing texture, unable to load missing_icon_item_6616_immersiverailroading:textures/items/item_rolling_stock_component.png, java.io.FileNotFoundException
[12:11:05] [Client thread/INFO]: Created: 4096x2048 textures/items-atlas
[12:11:06] [Client thread/WARN]: Unable to parse metadata section of resourcepack: Blur dummy resource pack
java.lang.ClassCastException: net.minecraft.client.resources.data.PackMetadataSection cannot be cast to net.minecraft.client.resources.data.LanguageMetadataSection
	at net.minecraft.client.resources.LanguageManager.func_135043_a(LanguageManager.java:50) [brr.class:?]
	at net.minecraft.client.Minecraft.func_110436_a(Minecraft.java:622) [bao.class:?]
	at cpw.mods.fml.client.FMLClientHandler.finishMinecraftLoading(FMLClientHandler.java:327) [FMLClientHandler.class:?]
	at net.minecraft.client.Minecraft.func_71384_a(Minecraft.java:552) [bao.class:?]
	at net.minecraft.client.Minecraft.func_99999_d(Minecraft.java:878) [bao.class:?]
	at net.minecraft.client.main.Main.main(SourceFile:148) [Main.class:?]
	at sun.reflect.NativeMethodAccessorImpl.invoke0(Native Method) ~[?:1.8.0_181]
	at sun.reflect.NativeMethodAccessorImpl.invoke(Unknown Source) ~[?:1.8.0_181]
	at sun.reflect.DelegatingMethodAccessorImpl.invoke(Unknown Source) ~[?:1.8.0_181]
	at java.lang.reflect.Method.invoke(Unknown Source) ~[?:1.8.0_181]
	at net.minecraft.launchwrapper.Launch.launch(Launch.java:135) [launchwrapper-1.12.jar:?]
	at net.minecraft.launchwrapper.Launch.main(Launch.java:28) [launchwrapper-1.12.jar:?]
	at sun.reflect.NativeMethodAccessorImpl.invoke0(Native Method) ~[?:1.8.0_181]
	at sun.reflect.NativeMethodAccessorImpl.invoke(Unknown Source) ~[?:1.8.0_181]
	at sun.reflect.DelegatingMethodAccessorImpl.invoke(Unknown Source) ~[?:1.8.0_181]
	at java.lang.reflect.Method.invoke(Unknown Source) ~[?:1.8.0_181]
	at org.multimc.onesix.OneSixLauncher.launchWithMainClass(OneSixLauncher.java:196) [NewLaunch.jar:?]
	at org.multimc.onesix.OneSixLauncher.launch(OneSixLauncher.java:231) [NewLaunch.jar:?]
	at org.multimc.EntryPoint.listen(EntryPoint.java:143) [NewLaunch.jar:?]
	at org.multimc.EntryPoint.main(EntryPoint.java:34) [NewLaunch.jar:?]
[12:11:06] [Sound Library Loader/INFO]: Sound engine started
[13:08:39] [Client thread/INFO]: Stopping!
